<?xml version="1.0" encoding="UTF-8"?>
<!-- Generated by org.testng.reporters.JUnitReportReporter -->
<testsuite hostname="OdySol-DTP-027" name="Implementation.OdysolCruiseBookingTest" tests="1" failures="0" timestamp="19 Jun 2017 08:50:51 GMT" time="309.216" errors="0">
  <testcase name="CruiseBooking_data" time="309.216" classname="Implementation.OdysolCruiseBookingTest"/>
</testsuite> <!-- Implementation.OdysolCruiseBookingTest -->
