<?xml version="1.0" encoding="UTF-8"?>
<!-- Generated by org.testng.reporters.JUnitReportReporter -->
<testsuite hostname="OdySol-DTP-027" name="Implementation.FaredepotCustomerBookingTest" tests="1" failures="0" timestamp="16 Oct 2017 09:40:51 GMT" time="100.572" errors="0">
  <testcase name="Vivavoyage_data" time="100.572" classname="Implementation.FaredepotCustomerBookingTest"/>
</testsuite> <!-- Implementation.FaredepotCustomerBookingTest -->
