<?xml version="1.0" encoding="UTF-8"?>
<!-- Generated by org.testng.reporters.JUnitReportReporter -->
<testsuite hostname="OdySol-DTP-027" name="Implementation.FaredepotTest" tests="1" failures="0" timestamp="16 Oct 2017 07:18:06 GMT" time="408.256" errors="0">
  <testcase name="Faredepot_data" time="408.256" classname="Implementation.FaredepotTest"/>
</testsuite> <!-- Implementation.FaredepotTest -->
