<?xml version="1.0" encoding="UTF-8"?>
<!-- Generated by org.testng.reporters.JUnitReportReporter -->
<testsuite hostname="OdySol-DTP-027" name="Implementation.OdysseusTicketLocalTest" tests="1" failures="0" timestamp="30 Mar 2017 14:55:03 GMT" time="114.352" errors="0">
  <testcase name="Local_data" time="114.352" classname="Implementation.OdysseusTicketLocalTest"/>
</testsuite> <!-- Implementation.OdysseusTicketLocalTest -->
