<?xml version="1.0" encoding="UTF-8"?>
<!-- Generated by org.testng.reporters.JUnitReportReporter -->
<testsuite hostname="OdySol-DTP-027" name="Implementation.BPCCruiseBookingTest" tests="1" failures="0" timestamp="19 Jun 2017 07:45:39 GMT" time="364.501" errors="0">
  <testcase name="BPC_data" time="364.501" classname="Implementation.BPCCruiseBookingTest"/>
</testsuite> <!-- Implementation.BPCCruiseBookingTest -->
