<?xml version="1.0" encoding="UTF-8"?>
<!-- Generated by org.testng.reporters.JUnitReportReporter -->
<testsuite hostname="OdySol-DTP-027" name="Implementation.OdysolHotelBookingTest" tests="1" failures="0" timestamp="19 Jun 2017 08:54:45 GMT" time="170.367" errors="0">
  <testcase name="HotelBooking_data" time="170.367" classname="Implementation.OdysolHotelBookingTest"/>
</testsuite> <!-- Implementation.OdysolHotelBookingTest -->
