<?xml version="1.0" encoding="UTF-8"?>
<!-- Generated by org.testng.reporters.JUnitReportReporter -->
<testsuite hostname="OdySol-DTP-027" name="Implementation.FaredepotTest" tests="1" failures="0" timestamp="6 Jun 2017 09:39:18 GMT" time="263.016" errors="0">
  <testcase name="Faredepot_data" time="263.016" classname="Implementation.FaredepotTest"/>
</testsuite> <!-- Implementation.FaredepotTest -->
