<?xml version="1.0" encoding="UTF-8"?>
<!-- Generated by org.testng.reporters.JUnitReportReporter -->
<testsuite hostname="OdySol-DTP-027" name="Implementation.DLCTest" tests="1" failures="0" timestamp="19 Jun 2017 08:31:34 GMT" time="227.122" errors="0">
  <testcase name="DLC_data" time="227.122" classname="Implementation.DLCTest"/>
</testsuite> <!-- Implementation.DLCTest -->
