<?xml version="1.0" encoding="UTF-8"?>
<!-- Generated by org.testng.reporters.JUnitReportReporter -->
<testsuite hostname="OdySol-DTP-027" name="Implementation.FaregeekTest" tests="1" failures="0" timestamp="16 May 2017 07:45:50 GMT" time="301.053" errors="0">
  <testcase name="Fregeek_Data" time="301.053" classname="Implementation.FaregeekTest"/>
</testsuite> <!-- Implementation.FaregeekTest -->
