<?xml version="1.0" encoding="UTF-8"?>
<!-- Generated by org.testng.reporters.JUnitReportReporter -->
<testsuite hostname="OdySol-DTP-027" name="Implementation.FaregeekTest" tests="1" failures="0" timestamp="16 Oct 2017 07:18:06 GMT" time="265.105" errors="0">
  <testcase name="Fregeek_Data" time="265.105" classname="Implementation.FaregeekTest"/>
</testsuite> <!-- Implementation.FaregeekTest -->
