<?xml version="1.0" encoding="UTF-8"?>
<!-- Generated by org.testng.reporters.JUnitReportReporter -->
<testsuite hostname="OdySol-DTP-027" name="Implementation.ADCRCCLTest" tests="1" failures="0" timestamp="15 May 2017 08:03:17 GMT" time="299.435" errors="0">
  <testcase name="ADCRCCL_data" time="299.435" classname="Implementation.ADCRCCLTest"/>
</testsuite> <!-- Implementation.ADCRCCLTest -->
