<?xml version="1.0" encoding="UTF-8"?>
<!-- Generated by org.testng.reporters.JUnitReportReporter -->
<testsuite hostname="OdySol-DTP-027" name="Implementation.FaredepotTest" tests="1" failures="0" timestamp="15 May 2017 08:16:50 GMT" time="250.626" errors="0">
  <testcase name="Faredepot_data" time="250.626" classname="Implementation.FaredepotTest"/>
</testsuite> <!-- Implementation.FaredepotTest -->
