<?xml version="1.0" encoding="UTF-8"?>
<!-- Generated by org.testng.reporters.JUnitReportReporter -->
<testsuite hostname="OdySol-DTP-027" name="Implementation.CDORTest" tests="1" failures="0" timestamp="16 May 2017 06:55:07 GMT" time="324.250" errors="0">
  <testcase name="CDOR_data" time="324.250" classname="Implementation.CDORTest"/>
</testsuite> <!-- Implementation.CDORTest -->
