<?xml version="1.0" encoding="UTF-8"?>
<!-- Generated by org.testng.reporters.JUnitReportReporter -->
<testsuite hostname="OdySol-DTP-027" name="Implementation.CDORTest" tests="1" failures="0" timestamp="19 Jun 2017 09:46:31 GMT" time="242.392" errors="0">
  <testcase name="CDOR_data" time="242.392" classname="Implementation.CDORTest"/>
</testsuite> <!-- Implementation.CDORTest -->
