<?xml version="1.0" encoding="UTF-8"?>
<!-- Generated by org.testng.reporters.JUnitReportReporter -->
<testsuite hostname="OdySol-DTP-027" name="Implementation.ADCMSCTest" tests="1" failures="0" timestamp="16 May 2017 07:27:15 GMT" time="343.165" errors="0">
  <testcase name="ADCMSC_data" time="343.165" classname="Implementation.ADCMSCTest"/>
</testsuite> <!-- Implementation.ADCMSCTest -->
