<?xml version="1.0" encoding="UTF-8"?>
<!-- Generated by org.testng.reporters.JUnitReportReporter -->
<testsuite hostname="OdySol-DTP-027" name="Implementation.DLCTest" tests="1" failures="0" timestamp="16 May 2017 06:45:12 GMT" time="259.018" errors="0">
  <testcase name="DLC_data" time="259.018" classname="Implementation.DLCTest"/>
</testsuite> <!-- Implementation.DLCTest -->
