<?xml version="1.0" encoding="UTF-8"?>
<!-- Generated by org.testng.reporters.JUnitReportReporter -->
<testsuite hostname="OdySol-DTP-027" name="Implementation.ADCRCCLTest" tests="1" failures="0" timestamp="16 Oct 2017 10:06:59 GMT" time="674.963" errors="0">
  <testcase name="ADCRCCL_data" time="674.963" classname="Implementation.ADCRCCLTest"/>
</testsuite> <!-- Implementation.ADCRCCLTest -->
