<?xml version="1.0" encoding="UTF-8"?>
<!-- Generated by org.testng.reporters.JUnitReportReporter -->
<testsuite hostname="OdySol-DTP-027" name="Implementation.VivaVoyageCustomerBookingTest" tests="1" failures="0" timestamp="16 Oct 2017 09:40:51 GMT" time="26.458" errors="0">
  <testcase name="Vivavoyage_data" time="26.458" classname="Implementation.VivaVoyageCustomerBookingTest"/>
</testsuite> <!-- Implementation.VivaVoyageCustomerBookingTest -->
