<?xml version="1.0" encoding="UTF-8"?>
<!-- Generated by org.testng.reporters.JUnitReportReporter -->
<testsuite hostname="OdySol-DTP-027" name="Implementation.FaredepotTest" tests="1" failures="0" timestamp="16 May 2017 08:05:05 GMT" time="266.062" errors="0">
  <testcase name="Faredepot_data" time="266.062" classname="Implementation.FaredepotTest"/>
</testsuite> <!-- Implementation.FaredepotTest -->
