<?xml version="1.0" encoding="UTF-8"?>
<!-- Generated by org.testng.reporters.JUnitReportReporter -->
<testsuite hostname="OdySol-DTP-027" name="Implementation.VivaVoyageTest" tests="1" failures="0" timestamp="19 Jun 2017 07:35:48 GMT" time="265.823" errors="0">
  <testcase name="Vivavoyage_data" time="265.823" classname="Implementation.VivaVoyageTest"/>
</testsuite> <!-- Implementation.VivaVoyageTest -->
