<?xml version="1.0" encoding="UTF-8"?>
<!-- Generated by org.testng.reporters.JUnitReportReporter -->
<testsuite hostname="OdySol-DTP-027" name="Implementation.CDORTest" tests="1" failures="0" timestamp="16 Oct 2017 07:18:06 GMT" time="292.278" errors="0">
  <testcase name="CDOR_data" time="292.278" classname="Implementation.CDORTest"/>
</testsuite> <!-- Implementation.CDORTest -->
