<?xml version="1.0" encoding="UTF-8"?>
<!-- Generated by org.testng.reporters.JUnitReportReporter -->
<testsuite hostname="OdySol-DTP-027" name="Implementation.CDORTest" tests="1" failures="0" timestamp="15 May 2017 06:56:41 GMT" time="357.073" errors="0">
  <testcase name="CDOR_data" time="357.073" classname="Implementation.CDORTest"/>
</testsuite> <!-- Implementation.CDORTest -->
