<?xml version="1.0" encoding="UTF-8"?>
<!-- Generated by org.testng.reporters.JUnitReportReporter -->
<testsuite hostname="OdySol-DTP-027" name="Implementation.FaregeekTest" tests="1" failures="0" timestamp="15 May 2017 08:11:18 GMT" time="292.553" errors="0">
  <testcase name="Fregeek_Data" time="292.553" classname="Implementation.FaregeekTest"/>
</testsuite> <!-- Implementation.FaregeekTest -->
