<?xml version="1.0" encoding="UTF-8"?>
<!-- Generated by org.testng.reporters.JUnitReportReporter -->
<testsuite hostname="OdySol-DTP-027" name="Implementation.ADCMSCTest" tests="1" failures="0" timestamp="19 Jun 2017 07:59:10 GMT" time="679.757" errors="0">
  <testcase name="ADCMSC_data" time="679.757" classname="Implementation.ADCMSCTest"/>
</testsuite> <!-- Implementation.ADCMSCTest -->
