<?xml version="1.0" encoding="UTF-8"?>
<!-- Generated by org.testng.reporters.JUnitReportReporter -->
<testsuite hostname="OdySol-DTP-027" name="Implementation.ADCRCCLTest" tests="1" failures="0" timestamp="19 Jun 2017 10:13:17 GMT" time="661.572" errors="0">
  <testcase name="ADCRCCL_data" time="661.572" classname="Implementation.ADCRCCLTest"/>
</testsuite> <!-- Implementation.ADCRCCLTest -->
