<?xml version="1.0" encoding="UTF-8"?>
<!-- Generated by org.testng.reporters.JUnitReportReporter -->
<testsuite hostname="OdySol-DTP-027" name="Implementation.BPCCruiseBookingTest" tests="1" failures="0" timestamp="16 Oct 2017 07:18:06 GMT" time="342.505" errors="0">
  <testcase name="BPC_data" time="342.505" classname="Implementation.BPCCruiseBookingTest"/>
</testsuite> <!-- Implementation.BPCCruiseBookingTest -->
