<?xml version="1.0" encoding="UTF-8"?>
<!-- Generated by org.testng.reporters.JUnitReportReporter -->
<testsuite hostname="OdySol-DTP-027" name="Implementation.ADCMSCTest" tests="1" failures="0" timestamp="15 May 2017 07:55:26 GMT" time="504.015" errors="0">
  <testcase name="ADCMSC_data" time="504.015" classname="Implementation.ADCMSCTest"/>
</testsuite> <!-- Implementation.ADCMSCTest -->
