<?xml version="1.0" encoding="UTF-8"?>
<!-- Generated by org.testng.reporters.JUnitReportReporter -->
<testsuite hostname="OdySol-DTP-027" name="Implementation.VivaVoyageTest" tests="1" failures="0" timestamp="16 May 2017 07:17:55 GMT" time="261.879" errors="0">
  <testcase name="Vivavoyage_data" time="261.879" classname="Implementation.VivaVoyageTest"/>
</testsuite> <!-- Implementation.VivaVoyageTest -->
