<?xml version="1.0" encoding="UTF-8"?>
<!-- Generated by org.testng.reporters.JUnitReportReporter -->
<testsuite hostname="OdySol-DTP-027" name="Implementation.ADCMSCTest" tests="1" failures="0" timestamp="16 Oct 2017 09:21:11 GMT" time="728.873" errors="0">
  <testcase name="ADCMSC_data" time="728.873" classname="Implementation.ADCMSCTest"/>
</testsuite> <!-- Implementation.ADCMSCTest -->
