<?xml version="1.0" encoding="UTF-8"?>
<!-- Generated by org.testng.reporters.JUnitReportReporter -->
<testsuite hostname="OdySol-DTP-027" name="Implementation.Click2CruiseTest" tests="1" failures="0" timestamp="16 Oct 2017 08:39:56 GMT" time="273.479" errors="0">
  <testcase name="Click2Cruise_data" time="273.479" classname="Implementation.Click2CruiseTest"/>
</testsuite> <!-- Implementation.Click2CruiseTest -->
