<?xml version="1.0" encoding="UTF-8"?>
<!-- Generated by org.testng.reporters.JUnitReportReporter -->
<testsuite hostname="OdySol-DTP-027" name="Implementation.iCruiseTest" tests="1" failures="0" timestamp="16 Oct 2017 08:34:06 GMT" time="275.605" errors="0">
  <testcase name="iCruise_data" time="275.605" classname="Implementation.iCruiseTest"/>
</testsuite> <!-- Implementation.iCruiseTest -->
