<?xml version="1.0" encoding="UTF-8"?>
<!-- Generated by org.testng.reporters.JUnitReportReporter -->
<testsuite hostname="OdySol-DTP-027" name="Implementation.DLCPackageTwoTest" tests="1" failures="0" timestamp="16 Oct 2017 09:07:12 GMT" time="318.731" errors="0">
  <testcase name="DLC_data" time="318.731" classname="Implementation.DLCPackageTwoTest"/>
</testsuite> <!-- Implementation.DLCPackageTwoTest -->
