<?xml version="1.0" encoding="UTF-8"?>
<!-- Generated by org.testng.reporters.JUnitReportReporter -->
<testsuite hostname="OdySol-DTP-027" name="Implementation.DLCTest" tests="1" failures="0" timestamp="16 Oct 2017 08:53:10 GMT" time="303.106" errors="0">
  <testcase name="DLC_data" time="303.106" classname="Implementation.DLCTest"/>
</testsuite> <!-- Implementation.DLCTest -->
