<?xml version="1.0" encoding="UTF-8"?>
<!-- Generated by org.testng.reporters.JUnitReportReporter -->
<testsuite hostname="OdySol-DTP-027" name="Implementation.ADCRCCLTest" tests="1" failures="0" timestamp="16 May 2017 07:37:13 GMT" time="321.205" errors="0">
  <testcase name="ADCRCCL_data" time="321.205" classname="Implementation.ADCRCCLTest"/>
</testsuite> <!-- Implementation.ADCRCCLTest -->
