<?xml version="1.0" encoding="UTF-8"?>
<!-- Generated by org.testng.reporters.JUnitReportReporter -->
<testsuite hostname="OdySol-DTP-027" name="Implementation.BPCCruiseBookingTest" tests="1" failures="0" timestamp="16 May 2017 07:10:01 GMT" time="352.183" errors="0">
  <testcase name="BPC_data" time="352.183" classname="Implementation.BPCCruiseBookingTest"/>
</testsuite> <!-- Implementation.BPCCruiseBookingTest -->
