<?xml version="1.0" encoding="UTF-8"?>
<!-- Generated by org.testng.reporters.JUnitReportReporter -->
<testsuite hostname="OdySol-DTP-027" name="Implementation.BPCCruiseBookingTest" tests="1" failures="0" timestamp="15 May 2017 07:34:41 GMT" time="346.620" errors="0">
  <testcase name="BPC_data" time="346.620" classname="Implementation.BPCCruiseBookingTest"/>
</testsuite> <!-- Implementation.BPCCruiseBookingTest -->
