<?xml version="1.0" encoding="UTF-8"?>
<!-- Generated by org.testng.reporters.JUnitReportReporter -->
<testsuite hostname="OdySol-DTP-027" name="Implementation.DLCPackageOneTest" tests="1" failures="0" timestamp="16 Oct 2017 09:00:33 GMT" time="316.363" errors="0">
  <testcase name="DLC_data" time="316.363" classname="Implementation.DLCPackageOneTest"/>
</testsuite> <!-- Implementation.DLCPackageOneTest -->
