<?xml version="1.0" encoding="UTF-8"?>
<!-- Generated by org.testng.reporters.JUnitReportReporter -->
<testsuite hostname="OdySol-DTP-027" name="Implementation.CruiseQuickTest" tests="1" failures="0" timestamp="16 Oct 2017 08:47:15 GMT" time="384.315" errors="0">
  <testcase name="CruiseQuick_data" time="384.315" classname="Implementation.CruiseQuickTest"/>
</testsuite> <!-- Implementation.CruiseQuickTest -->
