<?xml version="1.0" encoding="UTF-8"?>
<!-- Generated by org.testng.reporters.JUnitReportReporter -->
<testsuite hostname="OdySol-DTP-027" name="Implementation.FaregeekTest" tests="1" failures="0" timestamp="10 Oct 2017 12:49:39 GMT" time="197.414" errors="0">
  <testcase name="Fregeek_Data" time="197.414" classname="Implementation.FaregeekTest"/>
</testsuite> <!-- Implementation.FaregeekTest -->
